<?xml version="1.0" encoding="UTF-8"?>
<testsuite xmlns:xsi="http://www.w3.org/2001/XMLSchema-instance" xsi:noNamespaceSchemaLocation="https://maven.apache.org/surefire/maven-surefire-plugin/xsd/surefire-test-report.xsd" name="pl.polsl.lab.asser.moustafa.model.test.RomanNumeralGeneratorTest" time="0" tests="3" errors="0" skipped="0" failures="0">
  <properties>
    <property name="java.specification.version" value="19"/>
    <property name="sun.jnu.encoding" value="UTF-8"/>
    <property name="java.class.path" value="/Users/asser.elfeki/Documents/POLSL/Sem 5/JiIAMD/lab/JAVA-uni-small-apps/ArabicRomanConverter/target/test-classes:/Users/asser.elfeki/Documents/POLSL/Sem 5/JiIAMD/lab/JAVA-uni-small-apps/ArabicRomanConverter/target/classes:/Users/asser.elfeki/.m2/repository/org/projectlombok/lombok/1.18.24/lombok-1.18.24.jar:/Users/asser.elfeki/.m2/repository/org/junit/jupiter/junit-jupiter-api/5.6.0/junit-jupiter-api-5.6.0.jar:/Users/asser.elfeki/.m2/repository/org/apiguardian/apiguardian-api/1.1.0/apiguardian-api-1.1.0.jar:/Users/asser.elfeki/.m2/repository/org/opentest4j/opentest4j/1.2.0/opentest4j-1.2.0.jar:/Users/asser.elfeki/.m2/repository/org/junit/platform/junit-platform-commons/1.6.0/junit-platform-commons-1.6.0.jar:/Users/asser.elfeki/.m2/repository/org/junit/jupiter/junit-jupiter-params/5.6.0/junit-jupiter-params-5.6.0.jar:/Users/asser.elfeki/.m2/repository/org/junit/jupiter/junit-jupiter-engine/5.6.0/junit-jupiter-engine-5.6.0.jar:/Users/asser.elfeki/.m2/repository/org/junit/platform/junit-platform-engine/1.6.0/junit-platform-engine-1.6.0.jar:/Users/asser.elfeki/.m2/repository/org/netbeans/external/AbsoluteLayout/RELEASE150/AbsoluteLayout-RELEASE150.jar:"/>
    <property name="java.vm.vendor" value="Oracle Corporation"/>
    <property name="sun.arch.data.model" value="64"/>
    <property name="java.vendor.url" value="https://java.oracle.com/"/>
    <property name="os.name" value="Mac OS X"/>
    <property name="java.vm.specification.version" value="19"/>
    <property name="user.country" value="PL"/>
    <property name="sun.java.launcher" value="SUN_STANDARD"/>
    <property name="sun.boot.library.path" value="/Library/Java/JavaVirtualMachines/jdk-19.jdk/Contents/Home/lib"/>
    <property name="sun.java.command" value="/Users/asser.elfeki/Documents/POLSL/Sem 5/JiIAMD/lab/JAVA-uni-small-apps/ArabicRomanConverter/target/surefire/surefirebooter9900693882611744780.jar /Users/asser.elfeki/Documents/POLSL/Sem 5/JiIAMD/lab/JAVA-uni-small-apps/ArabicRomanConverter/target/surefire 2022-11-16T23-17-42_906-jvmRun1 surefire4969660705389048261tmp surefire_018299226020271204349tmp"/>
    <property name="http.nonProxyHosts" value="local|*.local|169.254/16|*.169.254/16"/>
    <property name="jdk.debug" value="release"/>
    <property name="surefire.test.class.path" value="/Users/asser.elfeki/Documents/POLSL/Sem 5/JiIAMD/lab/JAVA-uni-small-apps/ArabicRomanConverter/target/test-classes:/Users/asser.elfeki/Documents/POLSL/Sem 5/JiIAMD/lab/JAVA-uni-small-apps/ArabicRomanConverter/target/classes:/Users/asser.elfeki/.m2/repository/org/projectlombok/lombok/1.18.24/lombok-1.18.24.jar:/Users/asser.elfeki/.m2/repository/org/junit/jupiter/junit-jupiter-api/5.6.0/junit-jupiter-api-5.6.0.jar:/Users/asser.elfeki/.m2/repository/org/apiguardian/apiguardian-api/1.1.0/apiguardian-api-1.1.0.jar:/Users/asser.elfeki/.m2/repository/org/opentest4j/opentest4j/1.2.0/opentest4j-1.2.0.jar:/Users/asser.elfeki/.m2/repository/org/junit/platform/junit-platform-commons/1.6.0/junit-platform-commons-1.6.0.jar:/Users/asser.elfeki/.m2/repository/org/junit/jupiter/junit-jupiter-params/5.6.0/junit-jupiter-params-5.6.0.jar:/Users/asser.elfeki/.m2/repository/org/junit/jupiter/junit-jupiter-engine/5.6.0/junit-jupiter-engine-5.6.0.jar:/Users/asser.elfeki/.m2/repository/org/junit/platform/junit-platform-engine/1.6.0/junit-platform-engine-1.6.0.jar:/Users/asser.elfeki/.m2/repository/org/netbeans/external/AbsoluteLayout/RELEASE150/AbsoluteLayout-RELEASE150.jar:"/>
    <property name="sun.cpu.endian" value="little"/>
    <property name="user.home" value="/Users/asser.elfeki"/>
    <property name="user.language" value="en"/>
    <property name="java.specification.vendor" value="Oracle Corporation"/>
    <property name="java.version.date" value="2022-09-20"/>
    <property name="java.home" value="/Library/Java/JavaVirtualMachines/jdk-19.jdk/Contents/Home"/>
    <property name="file.separator" value="/"/>
    <property name="basedir" value="/Users/asser.elfeki/Documents/POLSL/Sem 5/JiIAMD/lab/JAVA-uni-small-apps/ArabicRomanConverter"/>
    <property name="java.vm.compressedOopsMode" value="Zero based"/>
    <property name="line.separator" value="&#10;"/>
    <property name="java.vm.specification.vendor" value="Oracle Corporation"/>
    <property name="java.specification.name" value="Java Platform API Specification"/>
    <property name="apple.awt.application.name" value="ForkedBooter"/>
    <property name="surefire.real.class.path" value="/Users/asser.elfeki/Documents/POLSL/Sem 5/JiIAMD/lab/JAVA-uni-small-apps/ArabicRomanConverter/target/surefire/surefirebooter9900693882611744780.jar"/>
    <property name="sun.management.compiler" value="HotSpot 64-Bit Tiered Compilers"/>
    <property name="ftp.nonProxyHosts" value="local|*.local|169.254/16|*.169.254/16"/>
    <property name="java.runtime.version" value="19+36-2238"/>
    <property name="user.name" value="asser.elfeki"/>
    <property name="stdout.encoding" value="UTF-8"/>
    <property name="path.separator" value=":"/>
    <property name="os.version" value="12.6.1"/>
    <property name="java.runtime.name" value="Java(TM) SE Runtime Environment"/>
    <property name="file.encoding" value="UTF-8"/>
    <property name="java.vm.name" value="Java HotSpot(TM) 64-Bit Server VM"/>
    <property name="maven.ext.class.path" value="/Applications/NetBeans/Apache NetBeans 15.app/Contents/Resources/NetBeans/netbeans/java/maven-nblib/netbeans-eventspy.jar"/>
    <property name="localRepository" value="/Users/asser.elfeki/.m2/repository"/>
    <property name="java.vendor.url.bug" value="https://bugreport.java.com/bugreport/"/>
    <property name="java.io.tmpdir" value="/var/folders/rp/y6svr9qs67s1h_vwwlvgvjp00000gn/T/"/>
    <property name="java.version" value="19"/>
    <property name="user.dir" value="/Users/asser.elfeki/Documents/POLSL/Sem 5/JiIAMD/lab/JAVA-uni-small-apps/ArabicRomanConverter"/>
    <property name="os.arch" value="aarch64"/>
    <property name="java.vm.specification.name" value="Java Virtual Machine Specification"/>
    <property name="native.encoding" value="UTF-8"/>
    <property name="java.library.path" value="/Users/asser.elfeki/Library/Java/Extensions:/Library/Java/Extensions:/Network/Library/Java/Extensions:/System/Library/Java/Extensions:/usr/lib/java:."/>
    <property name="java.vm.info" value="mixed mode, sharing"/>
    <property name="stderr.encoding" value="UTF-8"/>
    <property name="java.vendor" value="Oracle Corporation"/>
    <property name="java.vm.version" value="19+36-2238"/>
    <property name="sun.io.unicode.encoding" value="UnicodeBig"/>
    <property name="socksNonProxyHosts" value="local|*.local|169.254/16|*.169.254/16"/>
    <property name="java.class.version" value="63.0"/>
  </properties>
  <testcase name="fourShouldNotGenerateIV" classname="pl.polsl.lab.asser.moustafa.model.test.RomanNumeralGeneratorTest" time="0"/>
  <testcase name="fourtyNineShouldGenerateXLIX" classname="pl.polsl.lab.asser.moustafa.model.test.RomanNumeralGeneratorTest" time="0"/>
  <testcase name="fiveShouldGenerateV" classname="pl.polsl.lab.asser.moustafa.model.test.RomanNumeralGeneratorTest" time="0"/>
</testsuite>